#
# There is insufficient memory for the Java Runtime Environment to continue.
# Native memory allocation (malloc) failed to allocate 1572496 bytes for Chunk::new
# Possible reasons:
#   The system is out of physical RAM or swap space
#   The process is running with CompressedOops enabled, and the Java Heap may be blocking the growth of the native heap
# Possible solutions:
#   Reduce memory load on the system
#   Increase physical memory or swap space
#   Check if swap backing store is full
#   Decrease Java heap size (-Xmx/-Xms)
#   Decrease number of Java threads
#   Decrease Java thread stack sizes (-Xss)
#   Set larger code cache with -XX:ReservedCodeCacheSize=
#   JVM is running with Unscaled Compressed Oops mode in which the Java heap is
#     placed in the first 4GB address space. The Java Heap base address is the
#     maximum limit for the native heap growth. Please use -XX:HeapBaseMinAddress
#     to set the Java Heap base and to place the Java Heap above 4GB virtual address.
# This output file may be truncated or incomplete.
#
#  Out of Memory Error (arena.cpp:189), pid=16096, tid=1964
#
# JRE version: OpenJDK Runtime Environment Temurin-17.0.5+8 (17.0.5+8) (build 17.0.5+8)
# Java VM: OpenJDK 64-Bit Server VM Temurin-17.0.5+8 (17.0.5+8, mixed mode, tiered, compressed oops, compressed class ptrs, parallel gc, windows-amd64)
# No core dump will be written. Minidumps are not enabled by default on client versions of Windows
#

---------------  S U M M A R Y ------------

Command Line: --add-modules=ALL-SYSTEM --add-opens=java.base/java.util=ALL-UNNAMED --add-opens=java.base/java.lang=ALL-UNNAMED --add-opens=java.base/sun.nio.fs=ALL-UNNAMED -Declipse.application=org.eclipse.jdt.ls.core.id1 -Dosgi.bundles.defaultStartLevel=4 -Declipse.product=org.eclipse.jdt.ls.core.product -Djava.import.generatesMetadataFilesAtProjectRoot=false -Dfile.encoding=utf8 -XX:+UseParallelGC -XX:GCTimeRatio=4 -XX:AdaptiveSizePolicyWeight=90 -Dsun.zip.disableMemoryMapping=true -Xmx1G -Xms100m -Xlog:disable -javaagent:c:\Users\92310\.vscode\extensions\redhat.java-1.13.0-win32-x64\lombok\lombok-1.18.24.jar c:\Users\92310\.vscode\extensions\redhat.java-1.13.0-win32-x64\server\plugins\org.eclipse.equinox.launcher_1.6.400.v20210924-0641.jar -configuration c:\Users\92310\AppData\Roaming\Code\User\globalStorage\redhat.java\1.13.0\config_ss_win -data c:\Users\92310\AppData\Roaming\Code\User\workspaceStorage\be70a77a21f92bc8207c61079c17e487\redhat.java\ss_ws

Host: AMD Ryzen 7 4700U with Radeon Graphics         , 8 cores, 7G,  Windows 11 , 64 bit Build 22621 (10.0.22621.963)
Time: Sat Jan  7 23:29:36 2023 Pakistan Standard Time elapsed time: 4.705466 seconds (0d 0h 0m 4s)

---------------  T H R E A D  ---------------

Current thread (0x00000175c1a62f10):  JavaThread "C2 CompilerThread0" daemon [_thread_in_native, id=1964, stack(0x0000004a1d300000,0x0000004a1d400000)]


Current CompileTask:
C2:   4705 2266       4       org.objectweb.asm.ClassReader::readMethod (1066 bytes)

Stack: [0x0000004a1d300000,0x0000004a1d400000]
Native frames: (J=compiled Java code, j=interpreted, Vv=VM code, C=native code)
V  [jvm.dll+0x676b3a]
V  [jvm.dll+0x831444]
V  [jvm.dll+0x832bee]
V  [jvm.dll+0x833253]
V  [jvm.dll+0x244ce5]
V  [jvm.dll+0xabbac]
V  [jvm.dll+0xac17c]
V  [jvm.dll+0x362d02]
V  [jvm.dll+0x32d591]
V  [jvm.dll+0x32ca3a]
V  [jvm.dll+0x217b51]
V  [jvm.dll+0x216f71]
V  [jvm.dll+0x1a343d]
V  [jvm.dll+0x22698a]
V  [jvm.dll+0x224ac5]
V  [jvm.dll+0x7e727b]
V  [jvm.dll+0x7e17ea]
V  [jvm.dll+0x6759e5]
C  [ucrtbase.dll+0x29363]
C  [KERNEL32.DLL+0x126bd]
C  [ntdll.dll+0x5dfb8]


---------------  P R O C E S S  ---------------

Threads class SMR info:
_java_thread_list=0x00000175c464c8c0, length=22, elements={
0x00000175ac09e180, 0x00000175ac1592a0, 0x00000175ac15a8b0, 0x00000175bff1bf20,
0x00000175bff1dc40, 0x00000175bff1e7f0, 0x00000175c1a62320, 0x00000175c1a62f10,
0x00000175c1acb1e0, 0x00000175c1acbf80, 0x00000175c1b96e90, 0x00000175c1db74e0,
0x00000175c3efc570, 0x00000175c3e71830, 0x00000175c3e71d00, 0x00000175c3081cb0,
0x00000175c30b2690, 0x00000175c3f48020, 0x00000175c2dabb10, 0x00000175c2dab640,
0x00000175c4388e10, 0x00000175c2da9e30
}

Java Threads: ( => current thread )
  0x00000175ac09e180 JavaThread "main" [_thread_blocked, id=8060, stack(0x0000004a1ca00000,0x0000004a1cb00000)]
  0x00000175ac1592a0 JavaThread "Reference Handler" daemon [_thread_blocked, id=22404, stack(0x0000004a1cd00000,0x0000004a1ce00000)]
  0x00000175ac15a8b0 JavaThread "Finalizer" daemon [_thread_blocked, id=11552, stack(0x0000004a1ce00000,0x0000004a1cf00000)]
  0x00000175bff1bf20 JavaThread "Signal Dispatcher" daemon [_thread_blocked, id=7304, stack(0x0000004a1cf00000,0x0000004a1d000000)]
  0x00000175bff1dc40 JavaThread "Attach Listener" daemon [_thread_blocked, id=6052, stack(0x0000004a1d000000,0x0000004a1d100000)]
  0x00000175bff1e7f0 JavaThread "Service Thread" daemon [_thread_blocked, id=20772, stack(0x0000004a1d100000,0x0000004a1d200000)]
  0x00000175c1a62320 JavaThread "Monitor Deflation Thread" daemon [_thread_blocked, id=9244, stack(0x0000004a1d200000,0x0000004a1d300000)]
=>0x00000175c1a62f10 JavaThread "C2 CompilerThread0" daemon [_thread_in_native, id=1964, stack(0x0000004a1d300000,0x0000004a1d400000)]
  0x00000175c1acb1e0 JavaThread "C1 CompilerThread0" daemon [_thread_blocked, id=15756, stack(0x0000004a1d400000,0x0000004a1d500000)]
  0x00000175c1acbf80 JavaThread "Sweeper thread" daemon [_thread_blocked, id=10672, stack(0x0000004a1d500000,0x0000004a1d600000)]
  0x00000175c1b96e90 JavaThread "Common-Cleaner" daemon [_thread_blocked, id=15844, stack(0x0000004a1d600000,0x0000004a1d700000)]
  0x00000175c1db74e0 JavaThread "Notification Thread" daemon [_thread_blocked, id=13372, stack(0x0000004a1d700000,0x0000004a1d800000)]
  0x00000175c3efc570 JavaThread "Active Thread: Equinox Container: 822978e0-b43c-4e95-b5c3-a064769546b8" [_thread_blocked, id=12268, stack(0x0000004a1df00000,0x0000004a1e000000)]
  0x00000175c3e71830 JavaThread "Framework Event Dispatcher: Equinox Container: 822978e0-b43c-4e95-b5c3-a064769546b8" daemon [_thread_blocked, id=7480, stack(0x0000004a1e000000,0x0000004a1e100000)]
  0x00000175c3e71d00 JavaThread "Start Level: Equinox Container: 822978e0-b43c-4e95-b5c3-a064769546b8" daemon [_thread_blocked, id=20444, stack(0x0000004a1e100000,0x0000004a1e200000)]
  0x00000175c3081cb0 JavaThread "SCR Component Actor" daemon [_thread_blocked, id=18336, stack(0x0000004a1e200000,0x0000004a1e300000)]
  0x00000175c30b2690 JavaThread "SCR Component Registry" daemon [_thread_blocked, id=11824, stack(0x0000004a1e400000,0x0000004a1e500000)]
  0x00000175c3f48020 JavaThread "Worker-JM" [_thread_blocked, id=17336, stack(0x0000004a1e500000,0x0000004a1e600000)]
  0x00000175c2dabb10 JavaThread "Worker-0" [_thread_blocked, id=1664, stack(0x0000004a1e700000,0x0000004a1e800000)]
  0x00000175c2dab640 JavaThread "Worker-1" [_thread_blocked, id=17472, stack(0x0000004a1e800000,0x0000004a1e900000)]
  0x00000175c4388e10 JavaThread "C2 CompilerThread1" daemon [_thread_blocked, id=20312, stack(0x0000004a1e600000,0x0000004a1e700000)]
  0x00000175c2da9e30 JavaThread "Java indexing" daemon [_thread_blocked, id=20276, stack(0x0000004a1e900000,0x0000004a1ea00000)]

Other Threads:
  0x00000175c1a30cf0 VMThread "VM Thread" [stack: 0x0000004a1cc00000,0x0000004a1cd00000] [id=11376]
  0x00000175c1db79b0 WatcherThread [stack: 0x0000004a1d800000,0x0000004a1d900000] [id=22372]
  0x00000175ac0b3420 GCTaskThread "GC Thread#0" [stack: 0x0000004a1cb00000,0x0000004a1cc00000] [id=17672]
  0x00000175c1e08370 GCTaskThread "GC Thread#1" [stack: 0x0000004a1d900000,0x0000004a1da00000] [id=13804]
  0x00000175c1e08e90 GCTaskThread "GC Thread#2" [stack: 0x0000004a1da00000,0x0000004a1db00000] [id=1492]
  0x00000175c3010c20 GCTaskThread "GC Thread#3" [stack: 0x0000004a1db00000,0x0000004a1dc00000] [id=19744]
  0x00000175c3010ed0 GCTaskThread "GC Thread#4" [stack: 0x0000004a1dc00000,0x0000004a1dd00000] [id=19276]
  0x00000175c3011180 GCTaskThread "GC Thread#5" [stack: 0x0000004a1dd00000,0x0000004a1de00000] [id=18084]
  0x00000175c3011430 GCTaskThread "GC Thread#6" [stack: 0x0000004a1de00000,0x0000004a1df00000] [id=18424]
  0x00000175c3d73a50 GCTaskThread "GC Thread#7" [stack: 0x0000004a1e300000,0x0000004a1e400000] [id=10796]

Threads with active compile tasks:
C2 CompilerThread0     4722 2266       4       org.objectweb.asm.ClassReader::readMethod (1066 bytes)

VM state: not at safepoint (normal execution)

VM Mutex/Monitor currently owned by a thread: None

Heap address: 0x00000000c0000000, size: 1024 MB, Compressed Oops mode: 32-bit

CDS archive(s) not mapped
Compressed class space mapped at: 0x0000000100000000-0x0000000140000000, reserved size: 1073741824
Narrow klass base: 0x0000000000000000, Narrow klass shift: 3, Narrow klass range: 0x140000000

GC Precious Log:
 CPUs: 8 total, 8 available
 Memory: 7545M
 Large Page Support: Disabled
 NUMA Support: Disabled
 Compressed Oops: Enabled (32-bit)
 Alignments: Space 512K, Generation 512K, Heap 2M
 Heap Min Capacity: 100M
 Heap Initial Capacity: 100M
 Heap Max Capacity: 1G
 Pre-touch: Disabled
 Parallel Workers: 8

Heap:
 PSYoungGen      total 25600K, used 23168K [0x00000000eab00000, 0x00000000ec880000, 0x0000000100000000)
  eden space 25088K, 90% used [0x00000000eab00000,0x00000000ec1482c8,0x00000000ec380000)
  from space 512K, 68% used [0x00000000ec400000,0x00000000ec458000,0x00000000ec480000)
  to   space 2048K, 0% used [0x00000000ec680000,0x00000000ec680000,0x00000000ec880000)
 ParOldGen       total 68608K, used 7285K [0x00000000c0000000, 0x00000000c4300000, 0x00000000eab00000)
  object space 68608K, 10% used [0x00000000c0000000,0x00000000c071d468,0x00000000c4300000)
 Metaspace       used 27107K, committed 27584K, reserved 1081344K
  class space    used 2611K, committed 2816K, reserved 1048576K

Card table byte_map: [0x00000175aba40000,0x00000175abc50000] _byte_map_base: 0x00000175ab440000

Marking Bits: (ParMarkBitMap*) 0x00007ffa1e2b0dd0
 Begin Bits: [0x00000175bdd20000, 0x00000175bed20000)
 End Bits:   [0x00000175bed20000, 0x00000175bfd20000)

Polling page: 0x00000175aa000000

Metaspace:

Usage:
  Non-class:     23.92 MB used.
      Class:      2.55 MB used.
       Both:     26.47 MB used.

Virtual space:
  Non-class space:       32.00 MB reserved,      24.19 MB ( 76%) committed,  4 nodes.
      Class space:        1.00 GB reserved,       2.75 MB ( <1%) committed,  1 nodes.
             Both:        1.03 GB reserved,      26.94 MB (  3%) committed. 

Chunk freelists:
   Non-Class:  2.89 MB
       Class:  1.07 MB
        Both:  3.96 MB

MaxMetaspaceSize: unlimited
CompressedClassSpaceSize: 1.00 GB
Initial GC threshold: 21.00 MB
Current GC threshold: 35.00 MB
CDS: off
MetaspaceReclaimPolicy: balanced
 - commit_granule_bytes: 65536.
 - commit_granule_words: 8192.
 - virtual_space_node_default_size: 1048576.
 - enlarge_chunks_in_place: 1.
 - new_chunks_are_fully_committed: 0.
 - uncommit_free_chunks: 1.
 - use_allocation_guard: 0.
 - handle_deallocations: 1.


Internal statistics:

num_allocs_failed_limit: 3.
num_arena_births: 186.
num_arena_deaths: 14.
num_vsnodes_births: 5.
num_vsnodes_deaths: 0.
num_space_committed: 431.
num_space_uncommitted: 0.
num_chunks_returned_to_freelist: 24.
num_chunks_taken_from_freelist: 894.
num_chunk_merges: 9.
num_chunk_splits: 606.
num_chunks_enlarged: 431.
num_purges: 2.
num_inconsistent_stats: 0.

CodeHeap 'non-profiled nmethods': size=120000Kb used=948Kb max_used=948Kb free=119051Kb
 bounds [0x00000175b67f0000, 0x00000175b6a60000, 0x00000175bdd20000]
CodeHeap 'profiled nmethods': size=120000Kb used=4809Kb max_used=4809Kb free=115191Kb
 bounds [0x00000175af2c0000, 0x00000175af780000, 0x00000175b67f0000]
CodeHeap 'non-nmethods': size=5760Kb used=1225Kb max_used=1244Kb free=4534Kb
 bounds [0x00000175aed20000, 0x00000175aef90000, 0x00000175af2c0000]
 total_blobs=2904 nmethods=2367 adapters=451
 compilation: enabled
              stopped_count=0, restarted_count=0
 full_count=0

Compilation events (20 events):
Event: 4.672 Thread 0x00000175c4388e10 2363       4       java.util.ArrayList$SubList$1::next (85 bytes)
Event: 4.673 Thread 0x00000175c4388e10 nmethod 2363 0x00000175b68dbb90 code [0x00000175b68dbd20, 0x00000175b68dbe58]
Event: 4.673 Thread 0x00000175c1acb1e0 2364   !   3       java.util.concurrent.ConcurrentHashMap::replaceNode (438 bytes)
Event: 4.675 Thread 0x00000175c1acb1e0 nmethod 2364 0x00000175af76b490 code [0x00000175af76b7e0, 0x00000175af76cf78]
Event: 4.680 Thread 0x00000175c1acb1e0 2365       3       org.eclipse.osgi.internal.framework.FilterImpl$Parser::parse_attr (149 bytes)
Event: 4.681 Thread 0x00000175c1acb1e0 nmethod 2365 0x00000175af76dc10 code [0x00000175af76dea0, 0x00000175af76ea48]
Event: 4.681 Thread 0x00000175c1acb1e0 2366       3       java.util.Optional::isPresent (13 bytes)
Event: 4.681 Thread 0x00000175c1acb1e0 nmethod 2366 0x00000175af76ef90 code [0x00000175af76f120, 0x00000175af76f298]
Event: 4.685 Thread 0x00000175c4388e10 2367       4       java.util.HashMap::put (13 bytes)
Event: 4.686 Thread 0x00000175c1acb1e0 2368       3       java.util.TreeMap::leftOf (13 bytes)
Event: 4.686 Thread 0x00000175c1acb1e0 nmethod 2368 0x00000175af76f310 code [0x00000175af76f4a0, 0x00000175af76f618]
Event: 4.686 Thread 0x00000175c1acb1e0 2369       3       java.lang.Character::toUpperCase (6 bytes)
Event: 4.687 Thread 0x00000175c1acb1e0 nmethod 2369 0x00000175af76f710 code [0x00000175af76f8c0, 0x00000175af76fb18]
Event: 4.687 Thread 0x00000175c1acb1e0 2370       3       java.lang.Character::toUpperCase (9 bytes)
Event: 4.687 Thread 0x00000175c1acb1e0 nmethod 2370 0x00000175af76fc10 code [0x00000175af76fdc0, 0x00000175af76ffb8]
Event: 4.687 Thread 0x00000175c1acb1e0 2372       3       java.lang.ProcessEnvironment$NameComparator::compare (90 bytes)
Event: 4.688 Thread 0x00000175c1acb1e0 nmethod 2372 0x00000175af770090 code [0x00000175af7703a0, 0x00000175af7715b8]
Event: 4.688 Thread 0x00000175c1acb1e0 2371       3       java.lang.ProcessEnvironment$NameComparator::compare (13 bytes)
Event: 4.688 Thread 0x00000175c1acb1e0 nmethod 2371 0x00000175af771e90 code [0x00000175af772040, 0x00000175af772348]
Event: 4.696 Thread 0x00000175c4388e10 nmethod 2367 0x00000175b68dc010 code [0x00000175b68dc220, 0x00000175b68dcb00]

GC Heap History (12 events):
Event: 1.615 GC heap before
{Heap before GC invocations=1 (full 0):
 PSYoungGen      total 29696K, used 25600K [0x00000000eab00000, 0x00000000ecc00000, 0x0000000100000000)
  eden space 25600K, 100% used [0x00000000eab00000,0x00000000ec400000,0x00000000ec400000)
  from space 4096K, 0% used [0x00000000ec800000,0x00000000ec800000,0x00000000ecc00000)
  to   space 4096K, 0% used [0x00000000ec400000,0x00000000ec400000,0x00000000ec800000)
 ParOldGen       total 68608K, used 0K [0x00000000c0000000, 0x00000000c4300000, 0x00000000eab00000)
  object space 68608K, 0% used [0x00000000c0000000,0x00000000c0000000,0x00000000c4300000)
 Metaspace       used 10951K, committed 11072K, reserved 1064960K
  class space    used 1088K, committed 1152K, reserved 1048576K
}
Event: 1.638 GC heap after
{Heap after GC invocations=1 (full 0):
 PSYoungGen      total 29696K, used 3704K [0x00000000eab00000, 0x00000000ecc00000, 0x0000000100000000)
  eden space 25600K, 0% used [0x00000000eab00000,0x00000000eab00000,0x00000000ec400000)
  from space 4096K, 90% used [0x00000000ec400000,0x00000000ec79e218,0x00000000ec800000)
  to   space 4096K, 0% used [0x00000000ec800000,0x00000000ec800000,0x00000000ecc00000)
 ParOldGen       total 68608K, used 0K [0x00000000c0000000, 0x00000000c4300000, 0x00000000eab00000)
  object space 68608K, 0% used [0x00000000c0000000,0x00000000c0000000,0x00000000c4300000)
 Metaspace       used 10951K, committed 11072K, reserved 1064960K
  class space    used 1088K, committed 1152K, reserved 1048576K
}
Event: 2.877 GC heap before
{Heap before GC invocations=2 (full 0):
 PSYoungGen      total 29696K, used 29304K [0x00000000eab00000, 0x00000000ecc00000, 0x0000000100000000)
  eden space 25600K, 100% used [0x00000000eab00000,0x00000000ec400000,0x00000000ec400000)
  from space 4096K, 90% used [0x00000000ec400000,0x00000000ec79e218,0x00000000ec800000)
  to   space 4096K, 0% used [0x00000000ec800000,0x00000000ec800000,0x00000000ecc00000)
 ParOldGen       total 68608K, used 0K [0x00000000c0000000, 0x00000000c4300000, 0x00000000eab00000)
  object space 68608K, 0% used [0x00000000c0000000,0x00000000c0000000,0x00000000c4300000)
 Metaspace       used 15288K, committed 15616K, reserved 1064960K
  class space    used 1551K, committed 1728K, reserved 1048576K
}
Event: 2.884 GC heap after
{Heap after GC invocations=2 (full 0):
 PSYoungGen      total 29696K, used 4077K [0x00000000eab00000, 0x00000000ecc00000, 0x0000000100000000)
  eden space 25600K, 0% used [0x00000000eab00000,0x00000000eab00000,0x00000000ec400000)
  from space 4096K, 99% used [0x00000000ec800000,0x00000000ecbfb708,0x00000000ecc00000)
  to   space 4096K, 0% used [0x00000000ec400000,0x00000000ec400000,0x00000000ec800000)
 ParOldGen       total 68608K, used 1314K [0x00000000c0000000, 0x00000000c4300000, 0x00000000eab00000)
  object space 68608K, 1% used [0x00000000c0000000,0x00000000c0148bb0,0x00000000c4300000)
 Metaspace       used 15288K, committed 15616K, reserved 1064960K
  class space    used 1551K, committed 1728K, reserved 1048576K
}
Event: 3.912 GC heap before
{Heap before GC invocations=3 (full 0):
 PSYoungGen      total 29696K, used 29677K [0x00000000eab00000, 0x00000000ecc00000, 0x0000000100000000)
  eden space 25600K, 100% used [0x00000000eab00000,0x00000000ec400000,0x00000000ec400000)
  from space 4096K, 99% used [0x00000000ec800000,0x00000000ecbfb708,0x00000000ecc00000)
  to   space 4096K, 0% used [0x00000000ec400000,0x00000000ec400000,0x00000000ec800000)
 ParOldGen       total 68608K, used 1314K [0x00000000c0000000, 0x00000000c4300000, 0x00000000eab00000)
  object space 68608K, 1% used [0x00000000c0000000,0x00000000c0148bb0,0x00000000c4300000)
 Metaspace       used 20200K, committed 20608K, reserved 1073152K
  class space    used 2058K, committed 2240K, reserved 1048576K
}
Event: 3.916 GC heap after
{Heap after GC invocations=3 (full 0):
 PSYoungGen      total 29696K, used 4093K [0x00000000eab00000, 0x00000000ecc00000, 0x0000000100000000)
  eden space 25600K, 0% used [0x00000000eab00000,0x00000000eab00000,0x00000000ec400000)
  from space 4096K, 99% used [0x00000000ec400000,0x00000000ec7ff458,0x00000000ec800000)
  to   space 4096K, 0% used [0x00000000ec800000,0x00000000ec800000,0x00000000ecc00000)
 ParOldGen       total 68608K, used 2864K [0x00000000c0000000, 0x00000000c4300000, 0x00000000eab00000)
  object space 68608K, 4% used [0x00000000c0000000,0x00000000c02cc288,0x00000000c4300000)
 Metaspace       used 20200K, committed 20608K, reserved 1073152K
  class space    used 2058K, committed 2240K, reserved 1048576K
}
Event: 4.078 GC heap before
{Heap before GC invocations=4 (full 0):
 PSYoungGen      total 29696K, used 9593K [0x00000000eab00000, 0x00000000ecc00000, 0x0000000100000000)
  eden space 25600K, 21% used [0x00000000eab00000,0x00000000eb05f150,0x00000000ec400000)
  from space 4096K, 99% used [0x00000000ec400000,0x00000000ec7ff458,0x00000000ec800000)
  to   space 4096K, 0% used [0x00000000ec800000,0x00000000ec800000,0x00000000ecc00000)
 ParOldGen       total 68608K, used 2864K [0x00000000c0000000, 0x00000000c4300000, 0x00000000eab00000)
  object space 68608K, 4% used [0x00000000c0000000,0x00000000c02cc288,0x00000000c4300000)
 Metaspace       used 21085K, committed 21504K, reserved 1073152K
  class space    used 2148K, committed 2368K, reserved 1048576K
}
Event: 4.081 GC heap after
{Heap after GC invocations=4 (full 0):
 PSYoungGen      total 29696K, used 4089K [0x00000000eab00000, 0x00000000ecc00000, 0x0000000100000000)
  eden space 25600K, 0% used [0x00000000eab00000,0x00000000eab00000,0x00000000ec400000)
  from space 4096K, 99% used [0x00000000ec800000,0x00000000ecbfe4b8,0x00000000ecc00000)
  to   space 4096K, 0% used [0x00000000ec400000,0x00000000ec400000,0x00000000ec800000)
 ParOldGen       total 68608K, used 3376K [0x00000000c0000000, 0x00000000c4300000, 0x00000000eab00000)
  object space 68608K, 4% used [0x00000000c0000000,0x00000000c034c298,0x00000000c4300000)
 Metaspace       used 21085K, committed 21504K, reserved 1073152K
  class space    used 2148K, committed 2368K, reserved 1048576K
}
Event: 4.081 GC heap before
{Heap before GC invocations=5 (full 1):
 PSYoungGen      total 29696K, used 4089K [0x00000000eab00000, 0x00000000ecc00000, 0x0000000100000000)
  eden space 25600K, 0% used [0x00000000eab00000,0x00000000eab00000,0x00000000ec400000)
  from space 4096K, 99% used [0x00000000ec800000,0x00000000ecbfe4b8,0x00000000ecc00000)
  to   space 4096K, 0% used [0x00000000ec400000,0x00000000ec400000,0x00000000ec800000)
 ParOldGen       total 68608K, used 3376K [0x00000000c0000000, 0x00000000c4300000, 0x00000000eab00000)
  object space 68608K, 4% used [0x00000000c0000000,0x00000000c034c298,0x00000000c4300000)
 Metaspace       used 21085K, committed 21504K, reserved 1073152K
  class space    used 2148K, committed 2368K, reserved 1048576K
}
Event: 4.102 GC heap after
{Heap after GC invocations=5 (full 1):
 PSYoungGen      total 29696K, used 0K [0x00000000eab00000, 0x00000000ecc00000, 0x0000000100000000)
  eden space 25600K, 0% used [0x00000000eab00000,0x00000000eab00000,0x00000000ec400000)
  from space 4096K, 0% used [0x00000000ec800000,0x00000000ec800000,0x00000000ecc00000)
  to   space 4096K, 0% used [0x00000000ec400000,0x00000000ec400000,0x00000000ec800000)
 ParOldGen       total 68608K, used 7277K [0x00000000c0000000, 0x00000000c4300000, 0x00000000eab00000)
  object space 68608K, 10% used [0x00000000c0000000,0x00000000c071b468,0x00000000c4300000)
 Metaspace       used 21072K, committed 21504K, reserved 1073152K
  class space    used 2144K, committed 2368K, reserved 1048576K
}
Event: 4.409 GC heap before
{Heap before GC invocations=6 (full 1):
 PSYoungGen      total 29696K, used 25600K [0x00000000eab00000, 0x00000000ecc00000, 0x0000000100000000)
  eden space 25600K, 100% used [0x00000000eab00000,0x00000000ec400000,0x00000000ec400000)
  from space 4096K, 0% used [0x00000000ec800000,0x00000000ec800000,0x00000000ecc00000)
  to   space 4096K, 0% used [0x00000000ec400000,0x00000000ec400000,0x00000000ec800000)
 ParOldGen       total 68608K, used 7277K [0x00000000c0000000, 0x00000000c4300000, 0x00000000eab00000)
  object space 68608K, 10% used [0x00000000c0000000,0x00000000c071b468,0x00000000c4300000)
 Metaspace       used 24653K, committed 25152K, reserved 1073152K
  class space    used 2393K, committed 2624K, reserved 1048576K
}
Event: 4.410 GC heap after
{Heap after GC invocations=6 (full 1):
 PSYoungGen      total 25600K, used 352K [0x00000000eab00000, 0x00000000ec880000, 0x0000000100000000)
  eden space 25088K, 0% used [0x00000000eab00000,0x00000000eab00000,0x00000000ec380000)
  from space 512K, 68% used [0x00000000ec400000,0x00000000ec458000,0x00000000ec480000)
  to   space 2048K, 0% used [0x00000000ec680000,0x00000000ec680000,0x00000000ec880000)
 ParOldGen       total 68608K, used 7285K [0x00000000c0000000, 0x00000000c4300000, 0x00000000eab00000)
  object space 68608K, 10% used [0x00000000c0000000,0x00000000c071d468,0x00000000c4300000)
 Metaspace       used 24653K, committed 25152K, reserved 1073152K
  class space    used 2393K, committed 2624K, reserved 1048576K
}

Dll operation events (9 events):
Event: 0.029 Loaded shared library c:\Users\92310\.vscode\extensions\redhat.java-1.13.0-win32-x64\jre\17.0.5-win32-x86_64\bin\java.dll
Event: 0.266 Loaded shared library c:\Users\92310\.vscode\extensions\redhat.java-1.13.0-win32-x64\jre\17.0.5-win32-x86_64\bin\zip.dll
Event: 0.269 Loaded shared library C:\Users\92310\.vscode\extensions\redhat.java-1.13.0-win32-x64\jre\17.0.5-win32-x86_64\bin\instrument.dll
Event: 0.315 Loaded shared library C:\Users\92310\.vscode\extensions\redhat.java-1.13.0-win32-x64\jre\17.0.5-win32-x86_64\bin\net.dll
Event: 0.323 Loaded shared library C:\Users\92310\.vscode\extensions\redhat.java-1.13.0-win32-x64\jre\17.0.5-win32-x86_64\bin\nio.dll
Event: 0.334 Loaded shared library C:\Users\92310\.vscode\extensions\redhat.java-1.13.0-win32-x64\jre\17.0.5-win32-x86_64\bin\zip.dll
Event: 0.360 Loaded shared library C:\Users\92310\.vscode\extensions\redhat.java-1.13.0-win32-x64\jre\17.0.5-win32-x86_64\bin\jimage.dll
Event: 0.432 Loaded shared library c:\Users\92310\.vscode\extensions\redhat.java-1.13.0-win32-x64\jre\17.0.5-win32-x86_64\bin\verify.dll
Event: 2.596 Loaded shared library C:\Users\92310\AppData\Roaming\Code\User\globalStorage\redhat.java\1.13.0\config_ss_win\org.eclipse.equinox.launcher\org.eclipse.equinox.launcher.win32.win32.x86_64_1.2.600.v20220720-1916\eclipse_11700.dll

Deoptimization events (20 events):
Event: 4.684 Thread 0x00000175c3e71d00 Uncommon trap: trap_request=0xffffffc6 fr.pc=0x00000175b6879004 relative=0x00000000000009c4
Event: 4.684 Thread 0x00000175c3e71d00 Uncommon trap: reason=bimorphic_or_optimized_type_check action=maybe_recompile pc=0x00000175b6879004 method=java.util.HashMap.putVal(ILjava/lang/Object;Ljava/lang/Object;ZZ)Ljava/lang/Object; @ 56 c2
Event: 4.684 Thread 0x00000175c3e71d00 DEOPT PACKING pc=0x00000175b6879004 sp=0x0000004a1e1fd820
Event: 4.684 Thread 0x00000175c3e71d00 DEOPT UNPACKING pc=0x00000175aed720a3 sp=0x0000004a1e1fd720 mode 2
Event: 4.685 Thread 0x00000175c3e71d00 Uncommon trap: trap_request=0xffffffc6 fr.pc=0x00000175b6879004 relative=0x00000000000009c4
Event: 4.685 Thread 0x00000175c3e71d00 Uncommon trap: reason=bimorphic_or_optimized_type_check action=maybe_recompile pc=0x00000175b6879004 method=java.util.HashMap.putVal(ILjava/lang/Object;Ljava/lang/Object;ZZ)Ljava/lang/Object; @ 56 c2
Event: 4.685 Thread 0x00000175c3e71d00 DEOPT PACKING pc=0x00000175b6879004 sp=0x0000004a1e1fd820
Event: 4.685 Thread 0x00000175c3e71d00 DEOPT UNPACKING pc=0x00000175aed720a3 sp=0x0000004a1e1fd720 mode 2
Event: 4.685 Thread 0x00000175c3e71d00 Uncommon trap: trap_request=0xffffffc6 fr.pc=0x00000175b6879004 relative=0x00000000000009c4
Event: 4.685 Thread 0x00000175c3e71d00 Uncommon trap: reason=bimorphic_or_optimized_type_check action=maybe_recompile pc=0x00000175b6879004 method=java.util.HashMap.putVal(ILjava/lang/Object;Ljava/lang/Object;ZZ)Ljava/lang/Object; @ 56 c2
Event: 4.685 Thread 0x00000175c3e71d00 DEOPT PACKING pc=0x00000175b6879004 sp=0x0000004a1e1fd820
Event: 4.685 Thread 0x00000175c3e71d00 DEOPT UNPACKING pc=0x00000175aed720a3 sp=0x0000004a1e1fd720 mode 2
Event: 4.685 Thread 0x00000175c3e71d00 Uncommon trap: trap_request=0xffffffc6 fr.pc=0x00000175b687902c relative=0x00000000000009ec
Event: 4.685 Thread 0x00000175c3e71d00 Uncommon trap: reason=bimorphic_or_optimized_type_check action=maybe_recompile pc=0x00000175b687902c method=java.util.HashMap.putVal(ILjava/lang/Object;Ljava/lang/Object;ZZ)Ljava/lang/Object; @ 152 c2
Event: 4.685 Thread 0x00000175c3e71d00 DEOPT PACKING pc=0x00000175b687902c sp=0x0000004a1e1fd820
Event: 4.685 Thread 0x00000175c3e71d00 DEOPT UNPACKING pc=0x00000175aed720a3 sp=0x0000004a1e1fd728 mode 2
Event: 4.685 Thread 0x00000175c3e71d00 Uncommon trap: trap_request=0xffffffc6 fr.pc=0x00000175b6879004 relative=0x00000000000009c4
Event: 4.685 Thread 0x00000175c3e71d00 Uncommon trap: reason=bimorphic_or_optimized_type_check action=maybe_recompile pc=0x00000175b6879004 method=java.util.HashMap.putVal(ILjava/lang/Object;Ljava/lang/Object;ZZ)Ljava/lang/Object; @ 56 c2
Event: 4.685 Thread 0x00000175c3e71d00 DEOPT PACKING pc=0x00000175b6879004 sp=0x0000004a1e1fd820
Event: 4.685 Thread 0x00000175c3e71d00 DEOPT UNPACKING pc=0x00000175aed720a3 sp=0x0000004a1e1fd720 mode 2

Classes unloaded (7 events):
Event: 4.084 Thread 0x00000175c1a30cf0 Unloading class 0x0000000100212800 'java/lang/invoke/LambdaForm$MH+0x0000000100212800'
Event: 4.084 Thread 0x00000175c1a30cf0 Unloading class 0x0000000100212400 'java/lang/invoke/LambdaForm$MH+0x0000000100212400'
Event: 4.084 Thread 0x00000175c1a30cf0 Unloading class 0x0000000100212000 'java/lang/invoke/LambdaForm$MH+0x0000000100212000'
Event: 4.084 Thread 0x00000175c1a30cf0 Unloading class 0x0000000100211c00 'java/lang/invoke/LambdaForm$MH+0x0000000100211c00'
Event: 4.084 Thread 0x00000175c1a30cf0 Unloading class 0x0000000100211400 'java/lang/invoke/LambdaForm$BMH+0x0000000100211400'
Event: 4.084 Thread 0x00000175c1a30cf0 Unloading class 0x0000000100211000 'java/lang/invoke/LambdaForm$DMH+0x0000000100211000'
Event: 4.084 Thread 0x00000175c1a30cf0 Unloading class 0x000000010020c400 'java/lang/invoke/LambdaForm$DMH+0x000000010020c400'

Classes redefined (0 events):
No events

Internal exceptions (20 events):
Event: 3.211 Thread 0x00000175c3e71d00 Exception <a 'java/lang/NullPointerException'{0x00000000eb359f48}> (0x00000000eb359f48) 
thrown [s\src\hotspot\share\interpreter\linkResolver.cpp, line 1350]
Event: 3.211 Thread 0x00000175c3e71d00 Exception <a 'java/lang/NullPointerException'{0x00000000eb35a770}> (0x00000000eb35a770) 
thrown [s\src\hotspot\share\interpreter\linkResolver.cpp, line 1350]
Event: 3.278 Thread 0x00000175c3e71d00 Exception <a 'java/lang/NoSuchMethodError'{0x00000000eb472c78}: 'java.lang.Object java.lang.invoke.Invokers$Holder.invokeExact_MT(java.lang.Object, java.lang.Object, java.lang.Object, java.lang.Object, java.lang.Object, java.lang.Object)'> (0x00000000eb472c78) 
thrown [s\src\hotspot\share\interpreter\linkResolver.cpp, line 759]
Event: 3.618 Thread 0x00000175c3e71d00 Exception <a 'java/lang/NoSuchMethodError'{0x00000000eb900518}: 'void java.lang.invoke.DirectMethodHandle$Holder.invokeInterface(java.lang.Object, java.lang.Object, java.lang.Object)'> (0x00000000eb900518) 
thrown [s\src\hotspot\share\interpreter\linkResolver.cpp, line 759]
Event: 3.732 Thread 0x00000175c3e71d00 Exception <a 'java/lang/NoSuchMethodError'{0x00000000ebcfed48}: 'java.lang.Object java.lang.invoke.DirectMethodHandle$Holder.invokeStatic(java.lang.Object, java.lang.Object, int)'> (0x00000000ebcfed48) 
thrown [s\src\hotspot\share\interpreter\linkResolver.cpp, line 759]
Event: 3.733 Thread 0x00000175c3e71d00 Exception <a 'java/lang/NoSuchMethodError'{0x00000000ebd038f8}: 'void java.lang.invoke.DirectMethodHandle$Holder.invokeStatic(java.lang.Object, java.lang.Object, int, java.lang.Object)'> (0x00000000ebd038f8) 
thrown [s\src\hotspot\share\interpreter\linkResolver.cpp, line 759]
Event: 3.733 Thread 0x00000175c3e71d00 Exception <a 'java/lang/NoSuchMethodError'{0x00000000ebd0b298}: 'void java.lang.invoke.DelegatingMethodHandle$Holder.delegate(java.lang.Object, java.lang.Object, int, java.lang.Object)'> (0x00000000ebd0b298) 
thrown [s\src\hotspot\share\interpreter\linkResolver.cpp, line 759]
Event: 3.734 Thread 0x00000175c3e71d00 Exception <a 'java/lang/NoSuchMethodError'{0x00000000ebd0f680}: 'int java.lang.invoke.DirectMethodHandle$Holder.invokeSpecial(java.lang.Object, java.lang.Object, java.lang.Object)'> (0x00000000ebd0f680) 
thrown [s\src\hotspot\share\interpreter\linkResolver.cpp, line 759]
Event: 3.735 Thread 0x00000175c3e71d00 Exception <a 'java/lang/NoSuchMethodError'{0x00000000ebd20c90}: 'int java.lang.invoke.DirectMethodHandle$Holder.invokeStatic(java.lang.Object, java.lang.Object, int)'> (0x00000000ebd20c90) 
thrown [s\src\hotspot\share\interpreter\linkResolver.cpp, line 759]
Event: 3.736 Thread 0x00000175c3e71d00 Exception <a 'java/lang/NoSuchMethodError'{0x00000000ebd24cb8}: 'int java.lang.invoke.DirectMethodHandle$Holder.invokeSpecial(java.lang.Object, java.lang.Object, java.lang.Object, int)'> (0x00000000ebd24cb8) 
thrown [s\src\hotspot\share\interpreter\linkResolver.cpp, line 759]
Event: 3.738 Thread 0x00000175c3e71d00 Exception <a 'java/lang/NoSuchMethodError'{0x00000000ebd40a00}: 'java.lang.Object java.lang.invoke.DirectMethodHandle$Holder.invokeStatic(java.lang.Object, java.lang.Object, java.lang.Object, java.lang.Object, int)'> (0x00000000ebd40a00) 
thrown [s\src\hotspot\share\interpreter\linkResolver.cpp, line 759]
Event: 3.739 Thread 0x00000175c3e71d00 Exception <a 'java/lang/NoSuchMethodError'{0x00000000ebd4cdf8}: 'java.lang.Object java.lang.invoke.DelegatingMethodHandle$Holder.reinvoke_L(java.lang.Object, java.lang.Object, java.lang.Object, java.lang.Object, int, int)'> (0x00000000ebd4cdf8) 
thrown [s\src\hotspot\share\interpreter\linkResolver.cpp, line 759]
Event: 3.741 Thread 0x00000175c3e71d00 Exception <a 'java/lang/NoSuchMethodError'{0x00000000ebd64890}: 'java.lang.Object java.lang.invoke.Invokers$Holder.invokeExact_MT(java.lang.Object, java.lang.Object, java.lang.Object, java.lang.Object)'> (0x00000000ebd64890) 
thrown [s\src\hotspot\share\interpreter\linkResolver.cpp, line 759]
Event: 3.960 Thread 0x00000175c3e71d00 Exception <a 'java/lang/NoSuchMethodError'{0x00000000eac624e0}: 'int java.lang.invoke.DirectMethodHandle$Holder.invokeStaticInit(java.lang.Object, java.lang.Object, java.lang.Object)'> (0x00000000eac624e0) 
thrown [s\src\hotspot\share\interpreter\linkResolver.cpp, line 759]
Event: 3.976 Thread 0x00000175c3e71d00 Exception <a 'java/lang/IncompatibleClassChangeError'{0x00000000eacc92d8}: Found class java.lang.Object, but interface was expected> (0x00000000eacc92d8) 
thrown [s\src\hotspot\share\interpreter\linkResolver.cpp, line 826]
Event: 4.043 Thread 0x00000175c2dabb10 Exception <a 'java/io/FileNotFoundException'{0x00000000eadd9ff8}> (0x00000000eadd9ff8) 
thrown [s\src\hotspot\share\prims\jni.cpp, line 516]
Event: 4.625 Thread 0x00000175c3e71d00 Exception <a 'java/lang/ClassNotFoundException'{0x00000000ebf1f8f8}: com/sun/org/apache/xerces/internal/impl/msg/spi/DOMMessagesProvider> (0x00000000ebf1f8f8) 
thrown [s\src\hotspot\share\classfile\systemDictionary.cpp, line 256]
Event: 4.631 Thread 0x00000175c3e71d00 Implicit null exception at 0x00000175b68b2878 to 0x00000175b68b34ec
Event: 4.633 Thread 0x00000175c3e71d00 Exception <a 'java/lang/ClassNotFoundException'{0x00000000ebf47ba8}: com/sun/org/apache/xerces/internal/impl/msg/spi/XMLSerializerMessagesProvider> (0x00000000ebf47ba8) 
thrown [s\src\hotspot\share\classfile\systemDictionary.cpp, line 256]
Event: 4.635 Thread 0x00000175c3e71d00 Exception <a 'java/lang/ClassNotFoundException'{0x00000000ebf54e30}: com/sun/org/apache/xerces/internal/impl/msg/spi/XMLMessagesProvider> (0x00000000ebf54e30) 
thrown [s\src\hotspot\share\classfile\systemDictionary.cpp, line 256]

VM Operations (20 events):
Event: 2.877 Executing VM operation: ParallelGCFailedAllocation
Event: 2.884 Executing VM operation: ParallelGCFailedAllocation done
Event: 3.431 Executing VM operation: HandshakeAllThreads
Event: 3.431 Executing VM operation: HandshakeAllThreads done
Event: 3.518 Executing VM operation: HandshakeAllThreads
Event: 3.518 Executing VM operation: HandshakeAllThreads done
Event: 3.524 Executing VM operation: HandshakeAllThreads
Event: 3.524 Executing VM operation: HandshakeAllThreads done
Event: 3.731 Executing VM operation: HandshakeAllThreads
Event: 3.731 Executing VM operation: HandshakeAllThreads done
Event: 3.912 Executing VM operation: ParallelGCFailedAllocation
Event: 3.917 Executing VM operation: ParallelGCFailedAllocation done
Event: 4.008 Executing VM operation: HandshakeAllThreads
Event: 4.030 Executing VM operation: HandshakeAllThreads done
Event: 4.065 Executing VM operation: CollectForMetadataAllocation
Event: 4.103 Executing VM operation: CollectForMetadataAllocation done
Event: 4.408 Executing VM operation: ParallelGCFailedAllocation
Event: 4.410 Executing VM operation: ParallelGCFailedAllocation done
Event: 4.684 Executing VM operation: HandshakeAllThreads
Event: 4.684 Executing VM operation: HandshakeAllThreads done

Events (20 events):
Event: 4.638 loading class com/sun/org/apache/xerces/internal/impl/msg/XMLMessages_en done
Event: 4.638 loading class com/sun/org/apache/xerces/internal/impl/msg/XMLMessages_en
Event: 4.638 loading class com/sun/org/apache/xerces/internal/impl/msg/XMLMessages_en done
Event: 4.638 loading class com/sun/org/apache/xerces/internal/impl/msg/XMLMessages_en_US
Event: 4.638 loading class com/sun/org/apache/xerces/internal/impl/msg/XMLMessages_en_US done
Event: 4.638 loading class com/sun/org/apache/xerces/internal/impl/msg/XMLMessages_en_US
Event: 4.638 loading class com/sun/org/apache/xerces/internal/impl/msg/XMLMessages_en_US done
Event: 4.669 Thread 0x00000175c2da9e30 Thread added: 0x00000175c2da9e30
Event: 4.683 loading class java/lang/ProcessEnvironment
Event: 4.683 loading class java/lang/ProcessEnvironment done
Event: 4.684 loading class java/lang/ProcessEnvironment$NameComparator
Event: 4.684 loading class java/lang/ProcessEnvironment$NameComparator done
Event: 4.684 loading class java/lang/ProcessEnvironment$EntryComparator
Event: 4.684 loading class java/lang/ProcessEnvironment$EntryComparator done
Event: 4.686 loading class java/lang/ProcessEnvironment$CheckedEntrySet
Event: 4.686 loading class java/lang/ProcessEnvironment$CheckedEntrySet done
Event: 4.686 loading class java/lang/ProcessEnvironment$CheckedEntrySet$1
Event: 4.686 loading class java/lang/ProcessEnvironment$CheckedEntrySet$1 done
Event: 4.686 loading class java/lang/ProcessEnvironment$CheckedEntry
Event: 4.686 loading class java/lang/ProcessEnvironment$CheckedEntry done


Dynamic libraries:
0x00007ff61eea0000 - 0x00007ff61eeae000 	c:\Users\92310\.vscode\extensions\redhat.java-1.13.0-win32-x64\jre\17.0.5-win32-x86_64\bin\java.exe
0x00007ffa88db0000 - 0x00007ffa88fc4000 	C:\WINDOWS\SYSTEM32\ntdll.dll
0x00007ffa87b90000 - 0x00007ffa87c53000 	C:\WINDOWS\System32\KERNEL32.DLL
0x00007ffa86640000 - 0x00007ffa869dd000 	C:\WINDOWS\System32\KERNELBASE.dll
0x00007ffa86400000 - 0x00007ffa86511000 	C:\WINDOWS\System32\ucrtbase.dll
0x00007ffa78010000 - 0x00007ffa78027000 	c:\Users\92310\.vscode\extensions\redhat.java-1.13.0-win32-x64\jre\17.0.5-win32-x86_64\bin\jli.dll
0x00007ffa888d0000 - 0x00007ffa88a7d000 	C:\WINDOWS\System32\USER32.dll
0x00007ffa86a50000 - 0x00007ffa86a76000 	C:\WINDOWS\System32\win32u.dll
0x00007ffa87310000 - 0x00007ffa87339000 	C:\WINDOWS\System32\GDI32.dll
0x00007ffa86a80000 - 0x00007ffa86b92000 	C:\WINDOWS\System32\gdi32full.dll
0x00007ffa865a0000 - 0x00007ffa8663a000 	C:\WINDOWS\System32\msvcp_win.dll
0x00007ffa76b00000 - 0x00007ffa76b19000 	c:\Users\92310\.vscode\extensions\redhat.java-1.13.0-win32-x64\jre\17.0.5-win32-x86_64\bin\VCRUNTIME140.dll
0x00007ffa6d560000 - 0x00007ffa6d7ee000 	C:\WINDOWS\WinSxS\amd64_microsoft.windows.common-controls_6595b64144ccf1df_6.0.22621.608_none_a9444ca7c10bb01d\COMCTL32.dll
0x00007ffa88620000 - 0x00007ffa886c7000 	C:\WINDOWS\System32\msvcrt.dll
0x00007ffa88870000 - 0x00007ffa888a2000 	C:\WINDOWS\System32\IMM32.DLL
0x00007ffa83170000 - 0x00007ffa8317c000 	c:\Users\92310\.vscode\extensions\redhat.java-1.13.0-win32-x64\jre\17.0.5-win32-x86_64\bin\vcruntime140_1.dll
0x00007ffa4d610000 - 0x00007ffa4d6a1000 	c:\Users\92310\.vscode\extensions\redhat.java-1.13.0-win32-x64\jre\17.0.5-win32-x86_64\bin\msvcp140.dll
0x00007ffa1d730000 - 0x00007ffa1e374000 	c:\Users\92310\.vscode\extensions\redhat.java-1.13.0-win32-x64\jre\17.0.5-win32-x86_64\bin\server\jvm.dll
0x00007ffa88560000 - 0x00007ffa8860e000 	C:\WINDOWS\System32\ADVAPI32.dll
0x00007ffa86c80000 - 0x00007ffa86d24000 	C:\WINDOWS\System32\sechost.dll
0x00007ffa88c50000 - 0x00007ffa88d65000 	C:\WINDOWS\System32\RPCRT4.dll
0x00007ffa78430000 - 0x00007ffa78439000 	C:\WINDOWS\SYSTEM32\WSOCK32.dll
0x00007ffa884e0000 - 0x00007ffa88551000 	C:\WINDOWS\System32\WS2_32.dll
0x00007ffa83c90000 - 0x00007ffa83cc4000 	C:\WINDOWS\SYSTEM32\WINMM.dll
0x00007ffa7d4c0000 - 0x00007ffa7d4ca000 	C:\WINDOWS\SYSTEM32\VERSION.dll
0x00007ffa85230000 - 0x00007ffa85248000 	C:\WINDOWS\SYSTEM32\kernel.appcore.dll
0x00007ffa83e80000 - 0x00007ffa83e8a000 	c:\Users\92310\.vscode\extensions\redhat.java-1.13.0-win32-x64\jre\17.0.5-win32-x86_64\bin\jimage.dll
0x00007ffa83a60000 - 0x00007ffa83c8e000 	C:\WINDOWS\SYSTEM32\DBGHELP.DLL
0x00007ffa86d60000 - 0x00007ffa870ea000 	C:\WINDOWS\System32\combase.dll
0x00007ffa86ba0000 - 0x00007ffa86c77000 	C:\WINDOWS\System32\OLEAUT32.dll
0x00007ffa83a00000 - 0x00007ffa83a32000 	C:\WINDOWS\SYSTEM32\dbgcore.DLL
0x00007ffa86520000 - 0x00007ffa8659b000 	C:\WINDOWS\System32\bcryptPrimitives.dll
0x00007ffa83e70000 - 0x00007ffa83e7e000 	c:\Users\92310\.vscode\extensions\redhat.java-1.13.0-win32-x64\jre\17.0.5-win32-x86_64\bin\instrument.dll
0x00007ffa78570000 - 0x00007ffa78595000 	c:\Users\92310\.vscode\extensions\redhat.java-1.13.0-win32-x64\jre\17.0.5-win32-x86_64\bin\java.dll
0x00007ffa7d5b0000 - 0x00007ffa7d5c8000 	c:\Users\92310\.vscode\extensions\redhat.java-1.13.0-win32-x64\jre\17.0.5-win32-x86_64\bin\zip.dll
0x00007ffa87c60000 - 0x00007ffa8844f000 	C:\WINDOWS\System32\SHELL32.dll
0x00007ffa84200000 - 0x00007ffa84ac8000 	C:\WINDOWS\SYSTEM32\windows.storage.dll
0x00007ffa840c0000 - 0x00007ffa841fe000 	C:\WINDOWS\SYSTEM32\wintypes.dll
0x00007ffa878e0000 - 0x00007ffa879d1000 	C:\WINDOWS\System32\SHCORE.dll
0x00007ffa870f0000 - 0x00007ffa8714e000 	C:\WINDOWS\System32\shlwapi.dll
0x00007ffa86100000 - 0x00007ffa86121000 	C:\WINDOWS\SYSTEM32\profapi.dll
0x00007ffa78550000 - 0x00007ffa78569000 	C:\Users\92310\.vscode\extensions\redhat.java-1.13.0-win32-x64\jre\17.0.5-win32-x86_64\bin\net.dll
0x00007ffa7f880000 - 0x00007ffa7f9af000 	C:\WINDOWS\SYSTEM32\WINHTTP.dll
0x00007ffa85700000 - 0x00007ffa85769000 	C:\WINDOWS\system32\mswsock.dll
0x00007ffa78510000 - 0x00007ffa78525000 	C:\Users\92310\.vscode\extensions\redhat.java-1.13.0-win32-x64\jre\17.0.5-win32-x86_64\bin\nio.dll
0x00007ffa83e60000 - 0x00007ffa83e70000 	c:\Users\92310\.vscode\extensions\redhat.java-1.13.0-win32-x64\jre\17.0.5-win32-x86_64\bin\verify.dll
0x00007ffa76010000 - 0x00007ffa7604e000 	C:\Users\92310\AppData\Roaming\Code\User\globalStorage\redhat.java\1.13.0\config_ss_win\org.eclipse.equinox.launcher\org.eclipse.equinox.launcher.win32.win32.x86_64_1.2.600.v20220720-1916\eclipse_11700.dll
0x00007ffa886d0000 - 0x00007ffa8886c000 	C:\WINDOWS\System32\ole32.dll

dbghelp: loaded successfully - version: 4.0.5 - missing functions: none
symbol engine: initialized successfully - sym options: 0x614 - pdb path: .;c:\Users\92310\.vscode\extensions\redhat.java-1.13.0-win32-x64\jre\17.0.5-win32-x86_64\bin;C:\WINDOWS\SYSTEM32;C:\WINDOWS\WinSxS\amd64_microsoft.windows.common-controls_6595b64144ccf1df_6.0.22621.608_none_a9444ca7c10bb01d;c:\Users\92310\.vscode\extensions\redhat.java-1.13.0-win32-x64\jre\17.0.5-win32-x86_64\bin\server;C:\Users\92310\AppData\Roaming\Code\User\globalStorage\redhat.java\1.13.0\config_ss_win\org.eclipse.equinox.launcher\org.eclipse.equinox.launcher.win32.win32.x86_64_1.2.600.v20220720-1916

VM Arguments:
jvm_args: --add-modules=ALL-SYSTEM --add-opens=java.base/java.util=ALL-UNNAMED --add-opens=java.base/java.lang=ALL-UNNAMED --add-opens=java.base/sun.nio.fs=ALL-UNNAMED -Declipse.application=org.eclipse.jdt.ls.core.id1 -Dosgi.bundles.defaultStartLevel=4 -Declipse.product=org.eclipse.jdt.ls.core.product -Djava.import.generatesMetadataFilesAtProjectRoot=false -Dfile.encoding=utf8 -XX:+UseParallelGC -XX:GCTimeRatio=4 -XX:AdaptiveSizePolicyWeight=90 -Dsun.zip.disableMemoryMapping=true -Xmx1G -Xms100m -Xlog:disable -javaagent:c:\Users\92310\.vscode\extensions\redhat.java-1.13.0-win32-x64\lombok\lombok-1.18.24.jar 
java_command: c:\Users\92310\.vscode\extensions\redhat.java-1.13.0-win32-x64\server\plugins\org.eclipse.equinox.launcher_1.6.400.v20210924-0641.jar -configuration c:\Users\92310\AppData\Roaming\Code\User\globalStorage\redhat.java\1.13.0\config_ss_win -data c:\Users\92310\AppData\Roaming\Code\User\workspaceStorage\be70a77a21f92bc8207c61079c17e487\redhat.java\ss_ws
java_class_path (initial): c:\Users\92310\.vscode\extensions\redhat.java-1.13.0-win32-x64\server\plugins\org.eclipse.equinox.launcher_1.6.400.v20210924-0641.jar
Launcher Type: SUN_STANDARD

[Global flags]
    uintx AdaptiveSizePolicyWeight                 = 90                                        {product} {command line}
     intx CICompilerCount                          = 4                                         {product} {ergonomic}
    uintx GCTimeRatio                              = 4                                         {product} {command line}
   size_t InitialHeapSize                          = 104857600                                 {product} {command line}
   size_t MaxHeapSize                              = 1073741824                                {product} {command line}
   size_t MaxNewSize                               = 357564416                                 {product} {ergonomic}
   size_t MinHeapDeltaBytes                        = 524288                                    {product} {ergonomic}
   size_t MinHeapSize                              = 104857600                                 {product} {command line}
   size_t NewSize                                  = 34603008                                  {product} {ergonomic}
    uintx NonNMethodCodeHeapSize                   = 5839372                                {pd product} {ergonomic}
    uintx NonProfiledCodeHeapSize                  = 122909434                              {pd product} {ergonomic}
   size_t OldSize                                  = 70254592                                  {product} {ergonomic}
    uintx ProfiledCodeHeapSize                     = 122909434                              {pd product} {ergonomic}
    uintx ReservedCodeCacheSize                    = 251658240                              {pd product} {ergonomic}
     bool SegmentedCodeCache                       = true                                      {product} {ergonomic}
   size_t SoftMaxHeapSize                          = 1073741824                             {manageable} {ergonomic}
     bool UseCompressedClassPointers               = true                           {product lp64_product} {ergonomic}
     bool UseCompressedOops                        = true                           {product lp64_product} {ergonomic}
     bool UseLargePagesIndividualAllocation        = false                                  {pd product} {ergonomic}
     bool UseParallelGC                            = true                                      {product} {command line}

Logging:
Log output configuration:
 #0: stdout all=off uptime,level,tags
 #1: stderr all=off uptime,level,tags

Environment Variables:
PATH=C:\Users\92310\AppData\Local\Programs\Python\Python310\Scripts\;C:\Users\92310\AppData\Local\Programs\Python\Python310\;D:\db_home\bin;C:\Program Files\Common Files\Oracle\Java\javapath;C:\Windows\system32;C:\Windows;C:\Windows\System32\Wbem;C:\Windows\System32\WindowsPowerShell\v1.0\;C:\Windows\System32\OpenSSH\;C:\Program Files\dotnet\;C:\xampp\php;C:\composer;C:\Program Files\Git\cmd;C:\Program Files\nodejs\;C:\ProgramData\chocolatey\bin;C:\Program Files\Microsoft SQL Server\Client SDK\ODBC\170\Tools\Binn\;C:\Program Files (x86)\Microsoft SQL Server\150\Tools\Binn\;C:\Program Files\Microsoft SQL Server\150\Tools\Binn\;C:\Program Files\Microsoft SQL Server\150\DTS\Binn\;C:\Program Files\Azure Data Studio\bin;C:\Program Files\Microsoft SQL Server\130\Tools\Binn\;C:\Program Files (x86)\Microsoft SQL Server\110\DTS\Binn\;C:\Program Files (x86)\Microsoft SQL Server\120\DTS\Binn\;C:\Program Files (x86)\Microsoft SQL Server\130\DTS\Binn\;C:\Program Files (x86)\Microsoft SQL Server\140\DTS\Binn\;C:\Program Files (x86)\Microsoft SQL Server\150\DTS\Binn\;C:\Program Files (x86)\Microsoft SQL Server\160\DTS\Binn\;%SystemRoot%\system32;%SystemRoot%;%SystemRoot%\System32\Wbem;%SYSTEMROOT%\System32\WindowsPowerShell\v1.0\;%SYSTEMROOT%\System32\OpenSSH\;C:\Users\92310\AppData\Local\Microsoft\WindowsApps;C:\Users\92310\AppData\Local\Programs\Microsoft VS Code\bin;C:\Program Files\MongoDB\Server\5.0\bin;C:\Users\92310\AppData\Roaming\Microsoft\Windows\Start Menu\Programs\Python 3.10;C:\Users\92310\AppData\Roaming\Composer\vendor\bin;C:\Users\92310\AppData\Roaming\npm;D:\AppData\Android\Sdk\platform-tools;C:\ProgramData\92310\GitHubDesktop\bin;C:\Users\92310\AppData\Local\GitHubDesktop\bin;C:\Program Files\Azure Data Studio\bin;C:\Users\92310\.dotnet\tools;C:\Users\92310\AppData\Local\Programs\Python\Python311\Scripts;C:\Users\92310\AppData\Local\Programs\Python\Python311;D:\src\flutter\bin;
USERNAME=92310
OS=Windows_NT
PROCESSOR_IDENTIFIER=AMD64 Family 23 Model 96 Stepping 1, AuthenticAMD
TMP=C:\Users\92310\AppData\Local\Temp
TEMP=C:\Users\92310\AppData\Local\Temp



---------------  S Y S T E M  ---------------

OS:
 Windows 11 , 64 bit Build 22621 (10.0.22621.963)
OS uptime: 6 days 1:35 hours

CPU: total 8 (initial active 8) (8 cores per cpu, 1 threads per core) family 23 model 96 stepping 1 microcode 0x0, cx8, cmov, fxsr, mmx, 3dnowpref, sse, sse2, sse3, ssse3, sse4a, sse4.1, sse4.2, popcnt, lzcnt, tsc, tscinvbit, avx, avx2, aes, clmul, bmi1, bmi2, adx, sha, fma, vzeroupper, clflush, clflushopt

Memory: 4k page, system-wide physical 7545M (454M free)
TotalPageFile size 16215M (AvailPageFile size 7M)
current process WorkingSet (physical memory assigned to process): 126M, peak: 126M
current process commit charge ("private bytes"): 234M, peak: 235M

vm_info: OpenJDK 64-Bit Server VM (17.0.5+8) for windows-amd64 JRE (17.0.5+8), built on Oct 19 2022 04:48:13 by "temurin" with MS VC++ 16.7 (VS2019)

END.
